<?xml version="1.0" encoding="UTF-8"?>
<testng-results ignored="0" total="1" passed="1" failed="0" skipped="0">
  <reporter-output>
  </reporter-output>
  <suite started-at="2023-12-06T11:06:30 CST" name="Default suite" finished-at="2023-12-06T11:07:06 CST" duration-ms="35727">
    <groups>
    </groups>
    <test started-at="2023-12-06T11:06:30 CST" name="Default test" finished-at="2023-12-06T11:07:06 CST" duration-ms="35727">
      <class name="newProject.program1.Screenshot">
        <test-method signature="dropBy()[pri:0, instance:newProject.program1.Screenshot@6392827e]" started-at="2023-12-06T11:06:30 CST" name="dropBy" finished-at="2023-12-06T11:07:06 CST" duration-ms="35688" status="PASS">
          <reporter-output>
          </reporter-output>
        </test-method> <!-- dropBy -->
      </class> <!-- newProject.program1.Screenshot -->
    </test> <!-- Default test -->
  </suite> <!-- Default suite -->
</testng-results>
